[0712/102822.028:ERROR:process_reader_win.cc(242)] ReadMemory at 0x7ff7c4330000 of 64 bytes failed: Richiesta ReadProcessMemory o WriteProcessMemory completata solo parzialmente. (0x12B)
[0712/102822.029:WARNING:pe_image_reader.cc(302)] could not read dos header from C:\Program Files (x86)\Google\Chrome\Application\chrome.exe
[0712/102822.029:ERROR:process_reader_win.cc(242)] ReadMemory at 0x7ffea6250000 of 64 bytes failed: Richiesta ReadProcessMemory o WriteProcessMemory completata solo parzialmente. (0x12B)
[0712/102822.029:WARNING:pe_image_reader.cc(302)] could not read dos header from C:\WINDOWS\SYSTEM32\ntdll.dll
[0712/102822.029:ERROR:process_reader_win.cc(242)] ReadMemory at 0x7ffea6010000 of 64 bytes failed: Richiesta ReadProcessMemory o WriteProcessMemory completata solo parzialmente. (0x12B)
[0712/102822.029:WARNING:pe_image_reader.cc(302)] could not read dos header from C:\WINDOWS\System32\KERNEL32.DLL
[0712/102822.029:ERROR:process_reader_win.cc(242)] ReadMemory at 0x7ffea26a0000 of 64 bytes failed: Richiesta ReadProcessMemory o WriteProcessMemory completata solo parzialmente. (0x12B)
[0712/102822.029:WARNING:pe_image_reader.cc(302)] could not read dos header from C:\WINDOWS\System32\KERNELBASE.dll
[0712/102822.029:ERROR:process_reader_win.cc(242)] ReadMemory at 0x7ffe9d420000 of 64 bytes failed: Richiesta ReadProcessMemory o WriteProcessMemory completata solo parzialmente. (0x12B)
[0712/102822.029:WARNING:pe_image_reader.cc(302)] could not read dos header from C:\WINDOWS\SYSTEM32\apphelp.dll
[0712/102822.029:ERROR:process_reader_win.cc(242)] ReadMemory at 0x7ffea3e40000 of 64 bytes failed: Richiesta ReadProcessMemory o WriteProcessMemory completata solo parzialmente. (0x12B)
[0712/102822.029:WARNING:pe_image_reader.cc(302)] could not read dos header from C:\WINDOWS\System32\ADVAPI32.dll
[0712/102822.029:ERROR:process_reader_win.cc(242)] ReadMemory at 0x7ffea3d00000 of 64 bytes failed: Richiesta ReadProcessMemory o WriteProcessMemory completata solo parzialmente. (0x12B)
[0712/102822.029:WARNING:pe_image_reader.cc(302)] could not read dos header from C:\WINDOWS\System32\msvcrt.dll
[0712/102822.029:ERROR:process_reader_win.cc(242)] ReadMemory at 0x7ffea3a50000 of 64 bytes failed: Richiesta ReadProcessMemory o WriteProcessMemory completata solo parzialmente. (0x12B)
[0712/102822.029:WARNING:pe_image_reader.cc(302)] could not read dos header from C:\WINDOWS\System32\sechost.dll
[0712/102822.029:ERROR:process_reader_win.cc(242)] ReadMemory at 0x7ffea43d0000 of 64 bytes failed: Richiesta ReadProcessMemory o WriteProcessMemory completata solo parzialmente. (0x12B)
[0712/102822.030:WARNING:pe_image_reader.cc(302)] could not read dos header from C:\WINDOWS\System32\RPCRT4.dll
[0712/102822.030:ERROR:process_reader_win.cc(242)] ReadMemory at 0x7ffea4a20000 of 64 bytes failed: Richiesta ReadProcessMemory o WriteProcessMemory completata solo parzialmente. (0x12B)
[0712/102822.030:WARNING:pe_image_reader.cc(302)] could not read dos header from C:\WINDOWS\System32\PSAPI.DLL
[0712/102822.030:ERROR:process_reader_win.cc(242)] ReadMemory at 0x7ffea4bd0000 of 64 bytes failed: Richiesta ReadProcessMemory o WriteProcessMemory completata solo parzialmente. (0x12B)
[0712/102822.030:WARNING:pe_image_reader.cc(302)] could not read dos header from C:\WINDOWS\System32\SHELL32.dll
[0712/102822.030:ERROR:process_reader_win.cc(242)] ReadMemory at 0x7ffea34f0000 of 64 bytes failed: Richiesta ReadProcessMemory o WriteProcessMemory completata solo parzialmente. (0x12B)
[0712/102822.030:WARNING:pe_image_reader.cc(302)] could not read dos header from C:\WINDOWS\System32\cfgmgr32.dll
[0712/102822.030:ERROR:process_reader_win.cc(242)] ReadMemory at 0x7ffea29c0000 of 64 bytes failed: Richiesta ReadProcessMemory o WriteProcessMemory completata solo parzialmente. (0x12B)
[0712/102822.030:WARNING:pe_image_reader.cc(302)] could not read dos header from C:\WINDOWS\System32\ucrtbase.dll
[0712/102822.030:ERROR:process_reader_win.cc(242)] ReadMemory at 0x7ffea3c50000 of 64 bytes failed: Richiesta ReadProcessMemory o WriteProcessMemory completata solo parzialmente. (0x12B)
[0712/102822.030:WARNING:pe_image_reader.cc(302)] could not read dos header from C:\WINDOWS\System32\shcore.dll
[0712/102822.030:ERROR:process_reader_win.cc(242)] ReadMemory at 0x7ffea3f40000 of 64 bytes failed: Richiesta ReadProcessMemory o WriteProcessMemory completata solo parzialmente. (0x12B)
[0712/102822.030:WARNING:pe_image_reader.cc(302)] could not read dos header from C:\WINDOWS\System32\combase.dll
[0712/102822.030:ERROR:process_reader_win.cc(242)] ReadMemory at 0x7ffea2620000 of 64 bytes failed: Richiesta ReadProcessMemory o WriteProcessMemory completata solo parzialmente. (0x12B)
[0712/102822.030:WARNING:pe_image_reader.cc(302)] could not read dos header from C:\WINDOWS\System32\bcryptPrimitives.dll
[0712/102822.030:ERROR:process_reader_win.cc(242)] ReadMemory at 0x7ffea2b90000 of 64 bytes failed: Richiesta ReadProcessMemory o WriteProcessMemory completata solo parzialmente. (0x12B)
[0712/102822.030:WARNING:pe_image_reader.cc(302)] could not read dos header from C:\WINDOWS\System32\windows.storage.dll
[0712/102822.030:ERROR:process_reader_win.cc(242)] ReadMemory at 0x7ffea39f0000 of 64 bytes failed: Richiesta ReadProcessMemory o WriteProcessMemory completata solo parzialmente. (0x12B)
[0712/102822.030:WARNING:pe_image_reader.cc(302)] could not read dos header from C:\WINDOWS\System32\shlwapi.dll
[0712/102822.030:ERROR:process_reader_win.cc(242)] ReadMemory at 0x7ffea3ef0000 of 64 bytes failed: Richiesta ReadProcessMemory o WriteProcessMemory completata solo parzialmente. (0x12B)
[0712/102822.030:WARNING:pe_image_reader.cc(302)] could not read dos header from C:\WINDOWS\System32\GDI32.dll
[0712/102822.030:ERROR:process_reader_win.cc(242)] ReadMemory at 0x7ffea3540000 of 64 bytes failed: Richiesta ReadProcessMemory o WriteProcessMemory completata solo parzialmente. (0x12B)
[0712/102822.030:WARNING:pe_image_reader.cc(302)] could not read dos header from C:\WINDOWS\System32\gdi32full.dll
[0712/102822.030:ERROR:process_reader_win.cc(242)] ReadMemory at 0x7ffea2920000 of 64 bytes failed: Richiesta ReadProcessMemory o WriteProcessMemory completata solo parzialmente. (0x12B)
[0712/102822.030:WARNING:pe_image_reader.cc(302)] could not read dos header from C:\WINDOWS\System32\msvcp_win.dll
[0712/102822.030:ERROR:process_reader_win.cc(242)] ReadMemory at 0x7ffea3ab0000 of 64 bytes failed: Richiesta ReadProcessMemory o WriteProcessMemory completata solo parzialmente. (0x12B)
[0712/102822.030:WARNING:pe_image_reader.cc(302)] could not read dos header from C:\WINDOWS\System32\USER32.dll
[0712/102822.030:ERROR:process_reader_win.cc(242)] ReadMemory at 0x7ffea2b70000 of 64 bytes failed: Richiesta ReadProcessMemory o WriteProcessMemory completata solo parzialmente. (0x12B)
[0712/102822.030:WARNING:pe_image_reader.cc(302)] could not read dos header from C:\WINDOWS\System32\win32u.dll
[0712/102822.030:ERROR:process_reader_win.cc(242)] ReadMemory at 0x7ffea2600000 of 64 bytes failed: Richiesta ReadProcessMemory o WriteProcessMemory completata solo parzialmente. (0x12B)
[0712/102822.030:WARNING:pe_image_reader.cc(302)] could not read dos header from C:\WINDOWS\System32\kernel.appcore.dll
[0712/102822.030:ERROR:process_reader_win.cc(242)] ReadMemory at 0x7ffea25c0000 of 64 bytes failed: Richiesta ReadProcessMemory o WriteProcessMemory completata solo parzialmente. (0x12B)
[0712/102822.030:WARNING:pe_image_reader.cc(302)] could not read dos header from C:\WINDOWS\System32\profapi.dll
[0712/102822.030:ERROR:process_reader_win.cc(242)] ReadMemory at 0x7ffea2560000 of 64 bytes failed: Richiesta ReadProcessMemory o WriteProcessMemory completata solo parzialmente. (0x12B)
[0712/102822.030:WARNING:pe_image_reader.cc(302)] could not read dos header from C:\WINDOWS\System32\powrprof.dll
[0712/102822.030:ERROR:process_reader_win.cc(242)] ReadMemory at 0x7ffea25b0000 of 64 bytes failed: Richiesta ReadProcessMemory o WriteProcessMemory completata solo parzialmente. (0x12B)
[0712/102822.030:WARNING:pe_image_reader.cc(302)] could not read dos header from C:\WINDOWS\System32\FLTLIB.DLL
[0712/102822.030:ERROR:process_reader_win.cc(242)] ReadMemory at 0x7ffe7d5d0000 of 64 bytes failed: Richiesta ReadProcessMemory o WriteProcessMemory completata solo parzialmente. (0x12B)
[0712/102822.030:WARNING:pe_image_reader.cc(302)] could not read dos header from C:\Program Files (x86)\Google\Chrome\Application\67.0.3396.99\chrome_elf.dll
[0712/102822.030:ERROR:process_reader_win.cc(242)] ReadMemory at 0x7ffe958a0000 of 64 bytes failed: Richiesta ReadProcessMemory o WriteProcessMemory completata solo parzialmente. (0x12B)
[0712/102822.030:WARNING:pe_image_reader.cc(302)] could not read dos header from C:\WINDOWS\SYSTEM32\VERSION.dll
[0712/102822.030:ERROR:process_reader_win.cc(242)] ReadMemory at 0x7ffe96960000 of 64 bytes failed: Richiesta ReadProcessMemory o WriteProcessMemory completata solo parzialmente. (0x12B)
[0712/102822.030:WARNING:pe_image_reader.cc(302)] could not read dos header from C:\WINDOWS\SYSTEM32\WINMM.dll
[0712/102822.030:ERROR:process_reader_win.cc(242)] ReadMemory at 0x7ffea2460000 of 64 bytes failed: Richiesta ReadProcessMemory o WriteProcessMemory completata solo parzialmente. (0x12B)
[0712/102822.030:WARNING:pe_image_reader.cc(302)] could not read dos header from C:\WINDOWS\SYSTEM32\USERENV.dll
[0712/102822.030:ERROR:process_reader_win.cc(242)] ReadMemory at 0x7ffe9d4b0000 of 64 bytes failed: Richiesta ReadProcessMemory o WriteProcessMemory completata solo parzialmente. (0x12B)
[0712/102822.030:WARNING:pe_image_reader.cc(302)] could not read dos header from C:\WINDOWS\SYSTEM32\WINHTTP.dll
[0712/102822.030:ERROR:process_reader_win.cc(242)] ReadMemory at 0x7ffe96930000 of 64 bytes failed: Richiesta ReadProcessMemory o WriteProcessMemory completata solo parzialmente. (0x12B)
[0712/102822.030:WARNING:pe_image_reader.cc(302)] could not read dos header from C:\WINDOWS\SYSTEM32\WINMMBASE.dll
[0712/102822.030:ERROR:process_reader_win.cc(242)] ReadMemory at 0x7ffea1fb0000 of 64 bytes failed: Richiesta ReadProcessMemory o WriteProcessMemory completata solo parzialmente. (0x12B)
[0712/102822.031:WARNING:pe_image_reader.cc(302)] could not read dos header from C:\WINDOWS\SYSTEM32\CRYPTBASE.DLL
[0712/102822.031:ERROR:process_reader_win.cc(242)] ReadMemory at 0x7ffea3860000 of 64 bytes failed: Richiesta ReadProcessMemory o WriteProcessMemory completata solo parzialmente. (0x12B)
[0712/102822.031:WARNING:pe_image_reader.cc(302)] could not read dos header from C:\WINDOWS\System32\IMM32.DLL
[0712/102822.031:ERROR:process_reader_win.cc(242)] ReadMemory at 0x7ffe52b40000 of 64 bytes failed: Richiesta ReadProcessMemory o WriteProcessMemory completata solo parzialmente. (0x12B)
[0712/102822.031:WARNING:pe_image_reader.cc(302)] could not read dos header from C:\Program Files (x86)\Google\Chrome\Application\67.0.3396.99\chrome_child.dll
[0712/102822.031:ERROR:process_reader_win.cc(242)] ReadMemory at 0x7ffea4270000 of 64 bytes failed: Richiesta ReadProcessMemory o WriteProcessMemory completata solo parzialmente. (0x12B)
[0712/102822.031:WARNING:pe_image_reader.cc(302)] could not read dos header from C:\WINDOWS\System32\COMDLG32.dll
[0712/102822.031:ERROR:process_reader_win.cc(242)] ReadMemory at 0x7ffea6150000 of 64 bytes failed: Richiesta ReadProcessMemory o WriteProcessMemory completata solo parzialmente. (0x12B)
[0712/102822.031:WARNING:pe_image_reader.cc(302)] could not read dos header from C:\WINDOWS\System32\OLEAUT32.dll
[0712/102822.031:ERROR:process_reader_win.cc(242)] ReadMemory at 0x7ffea49b0000 of 64 bytes failed: Richiesta ReadProcessMemory o WriteProcessMemory completata solo parzialmente. (0x12B)
[0712/102822.031:WARNING:pe_image_reader.cc(302)] could not read dos header from C:\WINDOWS\System32\WS2_32.dll
[0712/102822.031:ERROR:process_reader_win.cc(242)] ReadMemory at 0x7ffea3890000 of 64 bytes failed: Richiesta ReadProcessMemory o WriteProcessMemory completata solo parzialmente. (0x12B)
[0712/102822.031:WARNING:pe_image_reader.cc(302)] could not read dos header from C:\WINDOWS\System32\ole32.dll
[0712/102822.031:ERROR:process_reader_win.cc(242)] ReadMemory at 0x7ffea3490000 of 64 bytes failed: Richiesta ReadProcessMemory o WriteProcessMemory completata solo parzialmente. (0x12B)
[0712/102822.031:WARNING:pe_image_reader.cc(302)] could not read dos header from C:\WINDOWS\System32\WINTRUST.dll
[0712/102822.031:ERROR:process_reader_win.cc(242)] ReadMemory at 0x7ffea25e0000 of 64 bytes failed: Richiesta ReadProcessMemory o WriteProcessMemory completata solo parzialmente. (0x12B)
[0712/102822.031:WARNING:pe_image_reader.cc(302)] could not read dos header from C:\WINDOWS\System32\MSASN1.dll
[0712/102822.031:ERROR:process_reader_win.cc(242)] ReadMemory at 0x7ffea32a0000 of 64 bytes failed: Richiesta ReadProcessMemory o WriteProcessMemory completata solo parzialmente. (0x12B)
[0712/102822.031:WARNING:pe_image_reader.cc(302)] could not read dos header from C:\WINDOWS\System32\CRYPT32.dll
[0712/102822.031:ERROR:process_reader_win.cc(242)] ReadMemory at 0x7ffe923c0000 of 64 bytes failed: Richiesta ReadProcessMemory o WriteProcessMemory completata solo parzialmente. (0x12B)
[0712/102822.032:WARNING:pe_image_reader.cc(302)] could not read dos header from C:\WINDOWS\WinSxS\amd64_microsoft.windows.common-controls_6595b64144ccf1df_6.0.17134.165_none_fb429645306569ac\COMCTL32.dll
[0712/102822.032:ERROR:process_reader_win.cc(242)] ReadMemory at 0x7ffe976c0000 of 64 bytes failed: Richiesta ReadProcessMemory o WriteProcessMemory completata solo parzialmente. (0x12B)
[0712/102822.032:WARNING:pe_image_reader.cc(302)] could not read dos header from C:\WINDOWS\SYSTEM32\Secur32.dll
[0712/102822.032:ERROR:process_reader_win.cc(242)] ReadMemory at 0x7ffea0fb0000 of 64 bytes failed: Richiesta ReadProcessMemory o WriteProcessMemory completata solo parzialmente. (0x12B)
[0712/102822.032:WARNING:pe_image_reader.cc(302)] could not read dos header from C:\WINDOWS\SYSTEM32\dbghelp.dll
[0712/102822.032:ERROR:process_reader_win.cc(242)] ReadMemory at 0x7ffe9dbe0000 of 64 bytes failed: Richiesta ReadProcessMemory o WriteProcessMemory completata solo parzialmente. (0x12B)
[0712/102822.032:WARNING:pe_image_reader.cc(302)] could not read dos header from C:\WINDOWS\SYSTEM32\USP10.dll
[0712/102822.032:ERROR:process_reader_win.cc(242)] ReadMemory at 0x7ffe96a00000 of 64 bytes failed: Richiesta ReadProcessMemory o WriteProcessMemory completata solo parzialmente. (0x12B)
[0712/102822.032:WARNING:pe_image_reader.cc(302)] could not read dos header from C:\WINDOWS\SYSTEM32\WINSPOOL.DRV
[0712/102822.032:ERROR:process_reader_win.cc(242)] ReadMemory at 0x7ffea1b60000 of 64 bytes failed: Richiesta ReadProcessMemory o WriteProcessMemory completata solo parzialmente. (0x12B)
[0712/102822.032:WARNING:pe_image_reader.cc(302)] could not read dos header from C:\WINDOWS\SYSTEM32\IPHLPAPI.DLL
[0712/102822.032:ERROR:process_reader_win.cc(242)] ReadMemory at 0x7ffe959d0000 of 64 bytes failed: Richiesta ReadProcessMemory o WriteProcessMemory completata solo parzialmente. (0x12B)
[0712/102822.032:WARNING:pe_image_reader.cc(302)] could not read dos header from C:\WINDOWS\SYSTEM32\urlmon.dll
[0712/102822.032:ERROR:process_reader_win.cc(242)] ReadMemory at 0x7ffe84f90000 of 64 bytes failed: Richiesta ReadProcessMemory o WriteProcessMemory completata solo parzialmente. (0x12B)
[0712/102822.032:WARNING:pe_image_reader.cc(302)] could not read dos header from C:\WINDOWS\SYSTEM32\DWrite.dll
[0712/102822.032:ERROR:process_reader_win.cc(242)] ReadMemory at 0x7ffea1320000 of 64 bytes failed: Richiesta ReadProcessMemory o WriteProcessMemory completata solo parzialmente. (0x12B)
[0712/102822.032:WARNING:pe_image_reader.cc(302)] could not read dos header from C:\WINDOWS\SYSTEM32\dxgi.dll
[0712/102822.032:ERROR:process_reader_win.cc(242)] ReadMemory at 0x7ffe9bd20000 of 64 bytes failed: Richiesta ReadProcessMemory o WriteProcessMemory completata solo parzialmente. (0x12B)
[0712/102822.032:WARNING:pe_image_reader.cc(302)] could not read dos header from C:\WINDOWS\SYSTEM32\dhcpcsvc.DLL
[0712/102822.032:ERROR:process_reader_win.cc(242)] ReadMemory at 0x7ffea4360000 of 64 bytes failed: Richiesta ReadProcessMemory o WriteProcessMemory completata solo parzialmente. (0x12B)
[0712/102822.032:WARNING:pe_image_reader.cc(302)] could not read dos header from C:\WINDOWS\System32\NSI.dll
[0712/102822.032:ERROR:process_reader_win.cc(242)] ReadMemory at 0x7ffea0530000 of 64 bytes failed: Richiesta ReadProcessMemory o WriteProcessMemory completata solo parzialmente. (0x12B)
[0712/102822.032:WARNING:pe_image_reader.cc(302)] could not read dos header from C:\WINDOWS\SYSTEM32\PROPSYS.dll
[0712/102822.032:ERROR:process_reader_win.cc(242)] ReadMemory at 0x7ffea20c0000 of 64 bytes failed: Richiesta ReadProcessMemory o WriteProcessMemory completata solo parzialmente. (0x12B)
[0712/102822.032:WARNING:pe_image_reader.cc(302)] could not read dos header from C:\WINDOWS\SYSTEM32\bcrypt.dll
[0712/102822.032:ERROR:process_reader_win.cc(242)] ReadMemory at 0x7ffe934c0000 of 64 bytes failed: Richiesta ReadProcessMemory o WriteProcessMemory completata solo parzialmente. (0x12B)
[0712/102822.032:WARNING:pe_image_reader.cc(302)] could not read dos header from C:\WINDOWS\SYSTEM32\iertutil.dll
[0712/102822.032:ERROR:process_reader_win.cc(242)] ReadMemory at 0x7ffea2490000 of 64 bytes failed: Richiesta ReadProcessMemory o WriteProcessMemory completata solo parzialmente. (0x12B)
[0712/102822.032:WARNING:pe_image_reader.cc(302)] could not read dos header from C:\WINDOWS\SYSTEM32\SSPICLI.DLL
[0712/102822.042:ERROR:process_reader_win.cc(242)] ReadMemory at 0xaf1e1f5000 of 45056 bytes failed: Richiesta ReadProcessMemory o WriteProcessMemory completata solo parzialmente. (0x12B)
[0712/102822.042:ERROR:crash_report_exception_handler.cc(111)] WriteEverything failed
[0712/102822.043:ERROR:filesystem_win.cc(148)] DeleteFile C:\Users\tomma\AppData\Local\Google\Chrome\User Data\Crashpad\reports\35d4df79-6a98-4346-ab65-59a0c7a32613.dmp: Impossibile accedere al file. Il file è utilizzato da un altro processo. (0x20)
[0712/102822.043:ERROR:scoped_process_suspend.cc(40)] NtResumeProcess: Tentativo di accesso a un processo in fase di chiusura. (0xc000010a)
