\BOOKMARK [1][-]{section.1}{Introduzione}{}% 1
\BOOKMARK [2][-]{subsection.1.1}{Scopo del documento}{section.1}% 2
\BOOKMARK [2][-]{subsection.1.2}{Scopo del prodotto}{section.1}% 3
\BOOKMARK [2][-]{subsection.1.3}{Premessa}{section.1}% 4
\BOOKMARK [2][-]{subsection.1.4}{Informazioni utili}{section.1}% 5
\BOOKMARK [2][-]{subsection.1.5}{Reperimento del codice}{section.1}% 6
\BOOKMARK [1][-]{section.2}{Requisiti di sistema}{}% 7
\BOOKMARK [2][-]{subsection.2.1}{Requisiti software}{section.2}% 8
\BOOKMARK [1][-]{section.3}{Installazione e avvio}{}% 9
\BOOKMARK [1][-]{section.4}{Configurazione ambiente di lavoro}{}% 10
\BOOKMARK [2][-]{subsection.4.1}{Configurazione del server Elasticsearch}{section.4}% 11
\BOOKMARK [2][-]{subsection.4.2}{Configurazione del database}{section.4}% 12
\BOOKMARK [3][-]{subsubsection.4.2.1}{Database disponibili}{subsection.4.2}% 13
\BOOKMARK [4][-]{paragraph.4.2.1.1}{Elasticsearch}{subsubsection.4.2.1}% 14
\BOOKMARK [2][-]{subsection.4.3}{Configurazione del server mail}{section.4}% 15
\BOOKMARK [1][-]{section.5}{Architettura}{}% 16
\BOOKMARK [2][-]{subsection.5.1}{Rappresentazione dell'architettura}{section.5}% 17
\BOOKMARK [2][-]{subsection.5.2}{Classe SchedulingConfigurer}{section.5}% 18
\BOOKMARK [2][-]{subsection.5.3}{Descrizione dei packages}{section.5}% 19
\BOOKMARK [3][-]{subsubsection.5.3.1}{actions}{subsection.5.3}% 20
\BOOKMARK [3][-]{subsubsection.5.3.2}{alerts}{subsection.5.3}% 21
\BOOKMARK [3][-]{subsubsection.5.3.3}{databases}{subsection.5.3}% 22
\BOOKMARK [3][-]{subsubsection.5.3.4}{dispatchers}{subsection.5.3}% 23
\BOOKMARK [3][-]{subsubsection.5.3.5}{events}{subsection.5.3}% 24
\BOOKMARK [3][-]{subsubsection.5.3.6}{jobs}{subsection.5.3}% 25
\BOOKMARK [3][-]{subsubsection.5.3.7}{models}{subsection.5.3}% 26
\BOOKMARK [3][-]{subsubsection.5.3.8}{operators}{subsection.5.3}% 27
\BOOKMARK [3][-]{subsubsection.5.3.9}{publishers}{subsection.5.3}% 28
\BOOKMARK [3][-]{subsubsection.5.3.10}{repositories}{subsection.5.3}% 29
\BOOKMARK [3][-]{subsubsection.5.3.11}{strategies}{subsection.5.3}% 30
\BOOKMARK [3][-]{subsubsection.5.3.12}{templators}{subsection.5.3}% 31
\BOOKMARK [3][-]{subsubsection.5.3.13}{utils}{subsection.5.3}% 32
\BOOKMARK [1][-]{section.6}{Estensione delle funzionalit\340}{}% 33
\BOOKMARK [2][-]{subsection.6.1}{Implementare un nuovo database}{section.6}% 34
\BOOKMARK [3][-]{subsubsection.6.1.1}{Realizzazione dell'implementazione}{subsection.6.1}% 35
\BOOKMARK [3][-]{subsubsection.6.1.2}{Aggiunta del database all'elenco dei driver disponibili}{subsection.6.1}% 36
\BOOKMARK [2][-]{subsection.6.2}{Implementare un nuovo operatore}{section.6}% 37
\BOOKMARK [3][-]{subsubsection.6.2.1}{Realizzazione dell'operatore}{subsection.6.2}% 38
\BOOKMARK [3][-]{subsubsection.6.2.2}{Registrare l'operatore}{subsection.6.2}% 39
\BOOKMARK [2][-]{subsection.6.3}{Implementare una nuova strategia}{section.6}% 40
\BOOKMARK [3][-]{subsubsection.6.3.1}{Realizzazione della strategia}{subsection.6.3}% 41
\BOOKMARK [3][-]{subsubsection.6.3.2}{Registrare la strategia}{subsection.6.3}% 42
\BOOKMARK [2][-]{subsection.6.4}{Implementare un nuovo valutatore per gli alert}{section.6}% 43
\BOOKMARK [3][-]{subsubsection.6.4.1}{Realizzare un nuovo valutatore per gli alert}{subsection.6.4}% 44
\BOOKMARK [3][-]{subsubsection.6.4.2}{Registrare un nuovo valutatore per gli alert}{subsection.6.4}% 45
\BOOKMARK [2][-]{subsection.6.5}{Implementare un nuovo verificatore per un alert}{section.6}% 46
\BOOKMARK [3][-]{subsubsection.6.5.1}{Realizzare un nuovo verificatore per gli alert}{subsection.6.5}% 47
\BOOKMARK [3][-]{subsubsection.6.5.2}{Registrare un nuovo verificatore per gli alert}{subsection.6.5}% 48
\BOOKMARK [2][-]{subsection.6.6}{Implementare una nuova azione di rimedio}{section.6}% 49
\BOOKMARK [3][-]{subsubsection.6.6.1}{Realizzare una nuova azione di rimedio}{subsection.6.6}% 50
\BOOKMARK [3][-]{subsubsection.6.6.2}{Registrare una nuova azione di rimedio}{subsection.6.6}% 51
\BOOKMARK [1][-]{appendix.Alph1}{Glossario}{}% 52
