\BOOKMARK [1][-]{section.1}{Introduzione}{}% 1
\BOOKMARK [2][-]{subsection.1.1}{Scopo del documento}{section.1}% 2
\BOOKMARK [2][-]{subsection.1.2}{Scopo dell'applicazione}{section.1}% 3
\BOOKMARK [2][-]{subsection.1.3}{Reperimento dell'applicazione}{section.1}% 4
\BOOKMARK [1][-]{section.2}{Istruzioni per l'utilizzo}{}% 5
\BOOKMARK [2][-]{subsection.2.1}{Sistemi operativi supportati}{section.2}% 6
\BOOKMARK [2][-]{subsection.2.2}{Requisiti software}{section.2}% 7
\BOOKMARK [2][-]{subsection.2.3}{Requisiti hardware}{section.2}% 8
\BOOKMARK [2][-]{subsection.2.4}{Requisiti prima dell'utilizzo}{section.2}% 9
\BOOKMARK [2][-]{subsection.2.5}{Installazione e avvio}{section.2}% 10
\BOOKMARK [1][-]{section.3}{Manuale d'uso}{}% 11
\BOOKMARK [2][-]{subsection.3.1}{Pagina di login}{section.3}% 12
\BOOKMARK [2][-]{subsection.3.2}{Pagina principale}{section.3}% 13
\BOOKMARK [3][-]{subsubsection.3.2.1}{Pulsanti di gestione del carrello}{subsection.3.2}% 14
\BOOKMARK [4][-]{paragraph.3.2.1.1}{Aggiunta di un articolo}{subsubsection.3.2.1}% 15
\BOOKMARK [4][-]{paragraph.3.2.1.2}{Eliminazione di un articolo}{subsubsection.3.2.1}% 16
\BOOKMARK [4][-]{paragraph.3.2.1.3}{Modifica di un articolo}{subsubsection.3.2.1}% 17
\BOOKMARK [4][-]{paragraph.3.2.1.4}{Creazione e invio di un ordine}{subsubsection.3.2.1}% 18
\BOOKMARK [2][-]{subsection.3.3}{Pagina di inserimento di un articolo}{section.3}% 19
\BOOKMARK [2][-]{subsection.3.4}{Pagina di modifica di un articolo}{section.3}% 20
\BOOKMARK [1][-]{section.4}{Mail di notifica di un ordine}{}% 21
\BOOKMARK [1][-]{section.5}{Possibili malfunzionamenti}{}% 22
